<?xml version="1.0" encoding="UTF-8"?>
<!-- Generated by org.testng.reporters.JUnitReportReporter -->
<testsuite hostname="DESKTOP-SFQQR9U" failures="0" tests="3" name="runner.RunnerClass_OrderApplication" time="0.049" errors="0" timestamp="2024-03-21T07:41:16 IST" skipped="0">
  <testcase classname="runner.RunnerClass_OrderApplication" name="runScenario" time="0.030"/>
  <system-out/>
  <testcase classname="runner.RunnerClass_OrderApplication" name="runScenario" time="0.012"/>
  <system-out/>
  <testcase classname="runner.RunnerClass_OrderApplication" name="runScenario" time="0.007"/>
  <system-out/>
</testsuite> <!-- runner.RunnerClass_OrderApplication -->
