<?xml version="1.0" encoding="UTF-8"?>
<!-- Generated by org.testng.reporters.JUnitReportReporter -->
<testsuite hostname="DESKTOP-SFQQR9U" failures="0" tests="1" name="test.Company_Assignment1" time="37.700" errors="0" timestamp="2024-04-14T10:51:46 IST" skipped="0">
  <testcase classname="test.Company_Assignment1" name="checkSuccessfulInformation" time="37.700"/>
  <system-out/>
</testsuite> <!-- test.Company_Assignment1 -->
