<?xml version="1.0" encoding="UTF-8"?>
<!-- Generated by org.testng.reporters.JUnitReportReporter -->
<testsuite hostname="DESKTOP-SFQQR9U" failures="0" tests="3" name="appfeature.AppRunnerClass" time="25.041" errors="0" timestamp="2023-11-30T06:33:00 IST" skipped="0">
  <testcase classname="appfeature.AppRunnerClass" name="runScenario" time="9.917"/>
  <system-out/>
  <testcase classname="appfeature.AppRunnerClass" name="runScenario" time="6.349"/>
  <system-out/>
  <testcase classname="appfeature.AppRunnerClass" name="runScenario" time="8.775"/>
  <system-out/>
</testsuite> <!-- appfeature.AppRunnerClass -->
