<?xml version="1.0" encoding="UTF-8"?>
<!-- Generated by org.testng.reporters.JUnitReportReporter -->
<testsuite hostname="DESKTOP-SFQQR9U" failures="0" tests="2" name="runner.RunnerClass_BackgroundWithScenario" time="0.050" errors="0" timestamp="2024-03-27T07:35:14 IST" skipped="0">
  <testcase classname="runner.RunnerClass_BackgroundWithScenario" name="runScenario" time="0.024"/>
  <system-out/>
  <testcase classname="runner.RunnerClass_BackgroundWithScenario" name="runScenario" time="0.026"/>
  <system-out/>
</testsuite> <!-- runner.RunnerClass_BackgroundWithScenario -->
