<?xml version="1.0" encoding="UTF-8"?>
<!-- Generated by org.testng.reporters.JUnitReportReporter -->
<testsuite hostname="DESKTOP-SFQQR9U" failures="0" tests="1" name="runner.RunnerClass" time="0.040" errors="0" timestamp="2024-03-21T07:41:16 IST" skipped="0">
  <testcase classname="runner.RunnerClass" name="runScenario" time="0.040"/>
  <system-out/>
</testsuite> <!-- runner.RunnerClass -->
