<?xml version="1.0" encoding="UTF-8"?>
<!-- Generated by org.testng.reporters.JUnitReportReporter -->
<testsuite hostname="DESKTOP-SFQQR9U" failures="0" tests="3" name="runner.ProfilePicture_RunnerClass" time="0.022" errors="0" timestamp="2024-03-21T07:41:16 IST" skipped="0">
  <testcase classname="runner.ProfilePicture_RunnerClass" name="runScenario" time="0.006"/>
  <system-out/>
  <testcase classname="runner.ProfilePicture_RunnerClass" name="runScenario" time="0.008"/>
  <system-out/>
  <testcase classname="runner.ProfilePicture_RunnerClass" name="runScenario" time="0.008"/>
  <system-out/>
</testsuite> <!-- runner.ProfilePicture_RunnerClass -->
