<?xml version="1.0" encoding="UTF-8"?>
<!-- Generated by org.testng.reporters.JUnitReportReporter -->
<testsuite hostname="DESKTOP-SFQQR9U" failures="0" tests="3" name="appfeaturesStef.AppRunnerClass" time="26.832" errors="0" timestamp="2024-07-15T11:55:39 IST" skipped="0">
  <testcase classname="appfeaturesStef.AppRunnerClass" name="runScenario" time="11.828"/>
  <system-out/>
  <testcase classname="appfeaturesStef.AppRunnerClass" name="runScenario" time="5.218"/>
  <system-out/>
  <testcase classname="appfeaturesStef.AppRunnerClass" name="runScenario" time="9.786"/>
  <system-out/>
</testsuite> <!-- appfeaturesStef.AppRunnerClass -->
