<?xml version="1.0" encoding="UTF-8"?>
<!-- Generated by org.testng.reporters.JUnitReportReporter -->
<testsuite hostname="DESKTOP-SFQQR9U" failures="0" tests="3" name="runner.ProfilePicture_RunnerClass" time="0.039" errors="0" timestamp="2024-03-27T07:35:14 IST" skipped="0">
  <testcase classname="runner.ProfilePicture_RunnerClass" name="runScenario" time="0.013"/>
  <system-out/>
  <testcase classname="runner.ProfilePicture_RunnerClass" name="runScenario" time="0.008"/>
  <system-out/>
  <testcase classname="runner.ProfilePicture_RunnerClass" name="runScenario" time="0.018"/>
  <system-out/>
</testsuite> <!-- runner.ProfilePicture_RunnerClass -->
