<?xml version="1.0" encoding="UTF-8"?>
<!-- Generated by org.testng.reporters.JUnitReportReporter -->
<testsuite hostname="DESKTOP-SFQQR9U" failures="0" tests="3" name="runner.Campaign_tag_RunnerClass" time="0.295" errors="0" timestamp="2024-03-27T07:51:01 IST" skipped="0">
  <testcase classname="runner.Campaign_tag_RunnerClass" name="runScenario" time="0.260"/>
  <system-out/>
  <testcase classname="runner.Campaign_tag_RunnerClass" name="runScenario" time="0.021"/>
  <system-out/>
  <testcase classname="runner.Campaign_tag_RunnerClass" name="runScenario" time="0.014"/>
  <system-out/>
</testsuite> <!-- runner.Campaign_tag_RunnerClass -->
