<?xml version="1.0" encoding="UTF-8"?>
<!-- Generated by org.testng.reporters.JUnitReportReporter -->
<testsuite hostname="DESKTOP-SFQQR9U" failures="0" tests="3" name="runner.RunnerClass_OrderInformation" time="0.044" errors="0" timestamp="2024-03-21T07:41:16 IST" skipped="0">
  <testcase classname="runner.RunnerClass_OrderInformation" name="runScenario" time="0.019"/>
  <system-out/>
  <testcase classname="runner.RunnerClass_OrderInformation" name="runScenario" time="0.013"/>
  <system-out/>
  <testcase classname="runner.RunnerClass_OrderInformation" name="runScenario" time="0.012"/>
  <system-out/>
</testsuite> <!-- runner.RunnerClass_OrderInformation -->
