<?xml version="1.0" encoding="UTF-8"?>
<!-- Generated by org.testng.reporters.JUnitReportReporter -->
<testsuite hostname="DESKTOP-SFQQR9U" failures="0" tests="3" name="appfeaturesStef.AppRunnerClass" time="26.435" errors="0" timestamp="2024-03-27T07:35:14 IST" skipped="0">
  <testcase classname="appfeaturesStef.AppRunnerClass" name="runScenario" time="11.503"/>
  <system-out/>
  <testcase classname="appfeaturesStef.AppRunnerClass" name="runScenario" time="7.847"/>
  <system-out/>
  <testcase classname="appfeaturesStef.AppRunnerClass" name="runScenario" time="7.085"/>
  <system-out/>
</testsuite> <!-- appfeaturesStef.AppRunnerClass -->
