<?xml version="1.0" encoding="UTF-8"?>
<!-- Generated by org.testng.reporters.JUnitReportReporter -->
<testsuite hostname="DESKTOP-SFQQR9U" failures="0" tests="2" name="runner.ScenarioOutline_RunnerClass" time="0.074" errors="0" timestamp="2024-03-21T07:41:16 IST" skipped="0">
  <testcase classname="runner.ScenarioOutline_RunnerClass" name="runScenario" time="0.021"/>
  <system-out/>
  <testcase classname="runner.ScenarioOutline_RunnerClass" name="runScenario" time="0.053"/>
  <system-out/>
</testsuite> <!-- runner.ScenarioOutline_RunnerClass -->
