<?xml version="1.0" encoding="UTF-8"?>
<!-- Generated by org.testng.reporters.JUnitReportReporter -->
<testsuite hostname="DESKTOP-SFQQR9U" failures="0" tests="3" name="runner.RunnerClass_OrderInformation" time="0.047" errors="0" timestamp="2024-03-27T07:35:14 IST" skipped="0">
  <testcase classname="runner.RunnerClass_OrderInformation" name="runScenario" time="0.026"/>
  <system-out/>
  <testcase classname="runner.RunnerClass_OrderInformation" name="runScenario" time="0.014"/>
  <system-out/>
  <testcase classname="runner.RunnerClass_OrderInformation" name="runScenario" time="0.007"/>
  <system-out/>
</testsuite> <!-- runner.RunnerClass_OrderInformation -->
