<?xml version="1.0" encoding="UTF-8"?>
<!-- Generated by org.testng.reporters.JUnitReportReporter -->
<testsuite hostname="DESKTOP-SFQQR9U" failures="0" tests="3" name="runner.Campaign_tag_RunnerClass" time="0.186" errors="0" timestamp="2024-03-29T05:12:49 IST" skipped="0">
  <testcase classname="runner.Campaign_tag_RunnerClass" name="runScenario" time="0.119"/>
  <system-out/>
  <testcase classname="runner.Campaign_tag_RunnerClass" name="runScenario" time="0.034"/>
  <system-out/>
  <testcase classname="runner.Campaign_tag_RunnerClass" name="runScenario" time="0.033"/>
  <system-out/>
</testsuite> <!-- runner.Campaign_tag_RunnerClass -->
