<?xml version="1.0" encoding="UTF-8"?>
<!-- Generated by org.testng.reporters.JUnitReportReporter -->
<testsuite hostname="DESKTOP-SFQQR9U" failures="0" tests="1" name="runner.Registration1_RunnerClass" time="0.024" errors="0" timestamp="2024-03-21T07:41:16 IST" skipped="0">
  <testcase classname="runner.Registration1_RunnerClass" name="runScenario" time="0.024"/>
  <system-out/>
</testsuite> <!-- runner.Registration1_RunnerClass -->
