<?xml version="1.0" encoding="UTF-8"?>
<!-- Generated by org.testng.reporters.JUnitReportReporter -->
<testsuite hostname="DESKTOP-SFQQR9U" failures="0" tests="1" name="runner.Campaign_tag_RunnerClass" time="0.123" errors="0" timestamp="2024-03-27T08:18:32 IST" skipped="0">
  <testcase classname="runner.Campaign_tag_RunnerClass" name="runScenario" time="0.123"/>
  <system-out/>
</testsuite> <!-- runner.Campaign_tag_RunnerClass -->
