<?xml version="1.0" encoding="UTF-8"?>
<!-- Generated by org.testng.reporters.JUnitReportReporter -->
<testsuite hostname="DESKTOP-SFQQR9U" failures="0" tests="1" name="runner.RunnerClass" time="0.022" errors="0" timestamp="2024-03-27T07:35:14 IST" skipped="0">
  <testcase classname="runner.RunnerClass" name="runScenario" time="0.022"/>
  <system-out/>
</testsuite> <!-- runner.RunnerClass -->
