<?xml version="1.0" encoding="UTF-8"?>
<!-- Generated by org.testng.reporters.JUnitReportReporter -->
<testsuite hostname="DESKTOP-SFQQR9U" failures="0" tests="2" name="runner.RunnerClass_ScnearionOutline1" time="0.053" errors="0" timestamp="2024-03-21T07:41:16 IST" skipped="0">
  <testcase classname="runner.RunnerClass_ScnearionOutline1" name="runScenario" time="0.030"/>
  <system-out/>
  <testcase classname="runner.RunnerClass_ScnearionOutline1" name="runScenario" time="0.023"/>
  <system-out/>
</testsuite> <!-- runner.RunnerClass_ScnearionOutline1 -->
