<?xml version="1.0" encoding="UTF-8"?>
<!-- Generated by org.testng.reporters.JUnitReportReporter -->
<testsuite hostname="DESKTOP-SFQQR9U" failures="0" tests="3" name="appfeaturesStef.AppRunnerClass" time="43.151" errors="0" timestamp="2024-03-21T07:41:16 IST" skipped="0">
  <testcase classname="appfeaturesStef.AppRunnerClass" name="runScenario" time="7.378"/>
  <system-out/>
  <testcase classname="appfeaturesStef.AppRunnerClass" name="runScenario" time="9.798"/>
  <system-out/>
  <testcase classname="appfeaturesStef.AppRunnerClass" name="runScenario" time="25.975"/>
  <system-out/>
</testsuite> <!-- appfeaturesStef.AppRunnerClass -->
