<?xml version="1.0" encoding="UTF-8"?>
<!-- Generated by org.testng.reporters.JUnitReportReporter -->
<testsuite hostname="DESKTOP-SFQQR9U" failures="0" tests="1" name="runner.LoginWithData_RunnerClass" time="0.030" errors="0" timestamp="2024-03-27T07:35:14 IST" skipped="0">
  <testcase classname="runner.LoginWithData_RunnerClass" name="runScenario" time="0.030"/>
  <system-out/>
</testsuite> <!-- runner.LoginWithData_RunnerClass -->
