<?xml version="1.0" encoding="UTF-8"?>
<!-- Generated by org.testng.reporters.JUnitReportReporter -->
<testsuite hostname="DESKTOP-SFQQR9U" failures="0" tests="3" name="runner.Campaign_tag_RunnerClass" time="0.244" errors="0" timestamp="2024-03-29T07:34:25 IST" skipped="0">
  <testcase classname="runner.Campaign_tag_RunnerClass" name="runScenario" time="0.138"/>
  <system-out/>
  <testcase classname="runner.Campaign_tag_RunnerClass" name="runScenario" time="0.059"/>
  <system-out/>
  <testcase classname="runner.Campaign_tag_RunnerClass" name="runScenario" time="0.047"/>
  <system-out/>
</testsuite> <!-- runner.Campaign_tag_RunnerClass -->
