<?xml version="1.0" encoding="UTF-8"?>
<!-- Generated by org.testng.reporters.JUnitReportReporter -->
<testsuite hostname="DESKTOP-SFQQR9U" failures="0" tests="1" name="hooks2.TestClass" time="0.002" errors="0" timestamp="2024-03-21T07:41:16 IST" skipped="0">
  <testcase classname="hooks2.TestClass" name="m1" time="0.002"/>
  <system-out/>
</testsuite> <!-- hooks2.TestClass -->
