<?xml version="1.0" encoding="UTF-8"?>
<!-- Generated by org.testng.reporters.JUnitReportReporter -->
<testsuite hostname="DESKTOP-SFQQR9U" failures="0" tests="3" name="runner.Campaign_tag_RunnerClass" time="0.274" errors="0" timestamp="2024-03-27T07:49:09 IST" skipped="0">
  <testcase classname="runner.Campaign_tag_RunnerClass" name="runScenario" time="0.116"/>
  <system-out/>
  <testcase classname="runner.Campaign_tag_RunnerClass" name="runScenario" time="0.129"/>
  <system-out/>
  <testcase classname="runner.Campaign_tag_RunnerClass" name="runScenario" time="0.029"/>
  <system-out/>
</testsuite> <!-- runner.Campaign_tag_RunnerClass -->
