<?xml version="1.0" encoding="UTF-8"?>
<!-- Generated by org.testng.reporters.JUnitReportReporter -->
<testsuite hostname="DESKTOP-SFQQR9U" failures="0" tests="1" name="runner.RunnerClass" time="0.207" errors="0" timestamp="2024-03-22T07:51:42 IST" skipped="0">
  <testcase classname="runner.RunnerClass" name="runScenario" time="0.207"/>
  <system-out/>
</testsuite> <!-- runner.RunnerClass -->
